app/build/outputs/mapping/release/seeds.txt
com.example.database.PlaybackDao
com.example.database.PlaybackDao_Impl$1
com.example.MainActivity
com.example.database.AppDatabase$Companion
com.example.playback.PlaybackService
com.example.widgets.ReceiverWidgetProvider$Companion
com.example.database.PlaylistTrackCrossRef
com.example.database.PlaybackDao_Impl$2
com.example.widgets.WidgetUpdateHelper
com.example.database.AppDatabase
com.example.model.EqualizerBand
com.example.model.PlaybackState
com.example.viewmodel.PlaybackViewModel
com.example.database.TrackEntity
com.example.widgets.QueueWidgetProvider$Companion
com.example.ui.effects.CinematicShader
com.example.database.PlaybackDao_Impl$4
com.example.database.PlaybackDao_Impl
com.example.database.PlaybackDao_Impl$Companion
com.example.widgets.FullControlsWidgetProvider$Companion
com.example.widgets.FullControlsWidgetProvider
com.example.database.AppDatabase_Impl$createOpenDelegate$_openDelegate$1
com.example.model.RepeatMode
com.example.database.PlaylistEntity
com.example.database.PlaybackDao_Impl$3
com.example.widgets.QueueWidgetProvider
com.example.widgets.ReceiverWidgetProvider
com.example.model.Playlist
com.example.model.Track
com.example.database.AppDatabase_Impl
com.example.model.Track: int bitrateKbps
com.example.model.Track: java.lang.String album
com.example.model.PlaybackState: int queueIndex
com.example.model.RepeatMode: com.example.model.RepeatMode ALL
com.example.widgets.FullControlsWidgetProvider: com.example.widgets.FullControlsWidgetProvider$Companion Companion
com.example.model.RepeatMode: com.example.model.RepeatMode[] $VALUES
com.example.model.PlaybackState: com.example.model.Track currentTrack
com.example.database.PlaylistTrackCrossRef: long trackId
com.example.database.PlaybackDao_Impl: androidx.room.EntityDeleteOrUpdateAdapter __deleteAdapterOfPlaylistEntity
com.example.model.PlaybackState: float volumeLevel
com.example.widgets.FullControlsWidgetProvider: java.lang.String ACTION_PREV
com.example.model.PlaybackState: long totalDurationMs
com.example.widgets.ReceiverWidgetProvider: com.example.widgets.ReceiverWidgetProvider$Companion Companion
com.example.model.Track: boolean isFavorite
com.example.database.TrackEntity: int sampleRateHz
com.example.model.EqualizerBand: short bandIndex
com.example.database.PlaybackDao_Impl: androidx.room.EntityInsertAdapter __insertAdapterOfPlaylistEntity
com.example.playback.PlaybackService: android.support.v4.media.session.MediaSessionCompat mediaSession
com.example.database.PlaybackDao_Impl: androidx.room.EntityInsertAdapter __insertAdapterOfPlaylistTrackCrossRef
com.example.widgets.FullControlsWidgetProvider: java.lang.String ACTION_PLAY_PAUSE
com.example.widgets.FullControlsWidgetProvider: java.lang.String ACTION_FFWD
com.example.model.Track: long id
com.example.model.Track: long durationMs
com.example.widgets.ReceiverWidgetProvider: java.lang.String ACTION_WIDGET_PLAY_PAUSE
com.example.model.Track: java.lang.String lyrics
com.example.model.EqualizerBand: short maxLevelMb
com.example.database.PlaybackDao_Impl: androidx.room.RoomDatabase __db
com.example.model.RepeatMode: kotlin.enums.EnumEntries $ENTRIES
com.example.widgets.WidgetUpdateHelper: int $stable
com.example.database.AppDatabase: com.example.database.AppDatabase$Companion Companion
com.example.database.TrackEntity: long durationMs
com.example.model.PlaybackState: java.util.List queue
com.example.playback.PlaybackService: java.lang.String ACTION_TOGGLE_PLAY_PAUSE
com.example.model.PlaybackState: long currentPositionMs
com.example.playback.PlaybackService: com.example.playback.AudioEngine audioEngine
com.example.widgets.ReceiverWidgetProvider: java.lang.String ACTION_WIDGET_PREV
com.example.playback.PlaybackService: com.example.model.Track currentTrack
com.example.database.AppDatabase_Impl$createOpenDelegate$_openDelegate$1: com.example.database.AppDatabase_Impl this$0
com.example.model.Track: java.lang.String dataPath
com.example.database.TrackEntity: java.lang.String albumArtUri
...
androidx.compose.ui.platform.coreshims.ContentCaptureSessionCompat$Api29Impl: void notifyViewTextChanged(android.view.contentcapture.ContentCaptureSession,android.view.autofill.AutofillId,java.lang.CharSequence)
androidx.core.view.WindowInsetsCompat$BuilderImpl29: WindowInsetsCompat$BuilderImpl29(androidx.core.view.WindowInsetsCompat)
androidx.compose.material3.ScaffoldLayoutContent: androidx.compose.material3.ScaffoldLayoutContent[] values()
androidx.compose.ui.window.SecureFlagPolicy: androidx.compose.ui.window.SecureFlagPolicy valueOf(java.lang.String)
androidx.core.graphics.drawable.IconCompatParcelizer: void write(androidx.core.graphics.drawable.IconCompat,androidx.versionedparcelable.VersionedParcel)
androidx.compose.ui.layout.IntrinsicWidthHeight: androidx.compose.ui.layout.IntrinsicWidthHeight valueOf(java.lang.String)
android.support.v4.media.MediaDescriptionCompat$Api21Impl: void setDescription(android.media.MediaDescription$Builder,java.lang.CharSequence)
androidx.profileinstaller.ProfileVerifier$Api33Impl: android.content.pm.PackageInfo getPackageInfo(android.content.pm.PackageManager,android.content.Context)
androidx.compose.ui.platform.AbstractComposeView: void setShowLayoutBounds(boolean)
androidx.appcompat.resources.Compatibility$Api21Impl: void inflate(android.graphics.drawable.Drawable,android.content.res.Resources,org.xmlpull.v1.XmlPullParser,android.util.AttributeSet,android.content.res.Resources$Theme)
androidx.compose.ui.platform.coreshims.ViewCompatShims$Api30Impl: void setImportantForContentCapture(android.view.View,int)
androidx.media.AudioAttributesImplApi21: AudioAttributesImplApi21()
androidx.core.app.NotificationCompat$BubbleMetadata$Api30Impl: android.app.Notification$BubbleMetadata toPlatform(androidx.core.app.NotificationCompat$BubbleMetadata)
androidx.lifecycle.LegacySavedStateHandleController$OnRecreation: LegacySavedStateHandleController$OnRecreation()
androidx.activity.OnBackPressedDispatcher$Api33Impl: android.window.OnBackInvokedCallback createOnBackInvokedCallback(kotlin.jvm.functions.Function0)
androidx.core.view.WindowInsetsCompat$Impl20: void copyWindowDataInto(androidx.core.view.WindowInsetsCompat)
androidx.compose.ui.platform.AndroidViewConfigurationApi34: float getScaledHandwritingGestureLineMargin(android.view.ViewConfiguration)
androidx.room.EntityInsertAdapter: long[] insertAndReturnIdsArray(androidx.sqlite.SQLiteConnection,java.lang.Object[])
androidx.compose.foundation.text.input.internal.HandwritingGestureApi34: int fallbackOnLegacyTextField(android.view.inputmethod.HandwritingGesture,kotlin.jvm.functions.Function1)
androidx.core.view.WindowInsetsCompat$Impl30: androidx.core.graphics.Insets getInsets(int)
androidx.compose.ui.platform.ViewLayer: long getOwnerViewId()
androidx.compose.ui.platform.AndroidComposeView: androidx.compose.ui.input.pointer.PointerIconService getPointerIconService()
androidx.lifecycle.SavedStateHandlesVM: SavedStateHandlesVM()
androidx.compose.ui.window.PopupLayout: void setTestTag(java.lang.String)
android.support.v4.app.RemoteActionCompatParcelizer: void write(androidx.core.app.RemoteActionCompat,androidx.versionedparcelable.VersionedParcel)
androidx.compose.ui.node.NodeMeasuringIntrinsics$IntrinsicMinMax: androidx.compose.ui.node.NodeMeasuringIntrinsics$IntrinsicMinMax[] values()
androidx.compose.foundation.text.input.internal.HandwritingGestureApi34: int performDeleteRangeGesture(androidx.compose.foundation.text.LegacyTextFieldState,android.view.inputmethod.DeleteRangeGesture,androidx.compose.ui.text.AnnotatedString,kotlin.jvm.functions.Function1)
androidx.core.view.WindowInsetsCompat$Impl20: void setOverriddenInsets(androidx.core.graphics.Insets[])
androidx.lifecycle.ReportFragment$LifecycleCallbacks: void onActivityPostCreated(android.app.Activity,android.os.Bundle)
androidx.compose.ui.autofill.AutofillApi26Helper: void setAutofillHints(android.view.ViewStructure,java.lang.String[])