app/build/outputs/mapping/release/usage.txt
com.example.BuildConfig
com.example.MainActivity$Companion:
    public final boolean getHasSplashBeenShown()
    public final void setHasSplashBeenShown(boolean)
com.example.MainActivity:
    public static final synthetic boolean access$getHasSplashBeenShown$cp()
    public static final synthetic void access$setHasSplashBeenShown$cp(boolean)
com.example.R$color
com.example.R$drawable:
    public static int bg_widget_btn
    public static int bg_widget_display_box
    public static int bg_widget_queue_item
    public static int bg_widget_receiver_panel
    public static int ic_launcher_background
    public static int ic_launcher_foreground
    public static int ic_widget_ffwd
    public static int ic_widget_next
    public static int ic_widget_prev
    public static int ic_widget_repeat
    public static int ic_widget_rewind
    public static int ic_widget_studio
    public static int img_brushed_aluminum_1785693704077
    private void <init>()
com.example.R$id:
    private void <init>()
com.example.R$layout:
    private void <init>()
com.example.R$mipmap:
    public static int ic_launcher_round
    private void <init>()
com.example.R$string
com.example.R$style
com.example.R$xml
com.example.R
com.example.ScreenState:
    public static kotlin.enums.EnumEntries getEntries()
com.example.components.CdBookletEncarteDialogKt$CdBookletEncarteDialog$lambda$28$lambda$27$lambda$26$lambda$25$lambda$24$$inlined$itemsIndexed$default$1
com.example.components.SpinBlurImageView$startSpinBlurAnimation$1$2
com.example.components.SpinBlurImageView
com.example.components.StudioRackCabinetKt$StudioRackCabinet$lambda$32$lambda$20$lambda$19$lambda$18$$inlined$items$default$2
com.example.components.StudioRackCabinetKt$StudioRackCabinet$lambda$32$lambda$31$lambda$30$lambda$29$$inlined$items$default$2
com.example.components.StudioTapeDeckKt$StudioTapeDeck$lambda$20$lambda$19$lambda$18$$inlined$itemsIndexed$default$1
com.example.playback.AudioEngine:
    public final kotlin.jvm.functions.Function0 getOnTrackCompleted()
com.example.repository.MediaRepository:
    public final java.lang.Object addTrackToPlaylist(long,long,kotlin.coroutines.Continuation)
com.example.ui.FileManagerModuleKt$FileManagerModule$lambda$46$lambda$45$lambda$44$$inlined$itemsIndexed$default$1
com.example.ui.FileManagerModuleKt$MoveFileDialog$lambda$89$lambda$88$lambda$87$lambda$86$$inlined$items$default$2
com.example.ui.MainPanelScreenKt$MainPanelScreen$lambda$112$lambda$111$lambda$110$lambda$109$$inlined$itemsIndexed$default$1
com.example.ui.MainPanelScreenKt$MainPanelScreen$lambda$74$lambda$73$lambda$72$lambda$43$lambda$42$$inlined$items$default$2
com.example.ui.MainPanelScreenKt$MainPanelScreen$lambda$74$lambda$73$lambda$72$lambda$71$lambda$70$lambda$53$lambda$52$$inlined$itemsIndexed$default$1
com.example.ui.MainPanelScreenKt$MainPanelScreen$lambda$74$lambda$73$lambda$72$lambda$71$lambda$70$lambda$65$lambda$64$lambda$63$$inlined$itemsIndexed$default$1
com.example.ui.MainPanelScreenKt$MainPanelScreen$lambda$74$lambda$73$lambda$72$lambda$71$lambda$70$lambda$69$lambda$68$lambda$67$$inlined$itemsIndexed$default$1
com.example.ui.NowPlayingScreenKt:
    private static final java.lang.String formatMs(long)
com.example.ui.ReceiverTab:
    public static kotlin.enums.EnumEntries getEntries()
com.example.ui.dialogs.EqualizerDialogKt$EqualizerDialog$lambda$15$lambda$14$lambda$6$lambda$5$$inlined$itemsIndexed$default$1
com.example.ui.effects.CinematicMotionState
com.example.ui.effects.CinematicProfile:
    public static kotlin.enums.EnumEntries getEntries()
...
androidx.compose.material.icons.rounded.PostAddKt
androidx.compose.material.icons.rounded.PowerInputKt
androidx.compose.material.icons.rounded.PowerKt
androidx.compose.material.icons.rounded.PowerOffKt
androidx.compose.material.icons.rounded.PowerSettingsNewKt
androidx.compose.material.icons.rounded.PrecisionManufacturingKt
androidx.compose.material.icons.rounded.PregnantWomanKt
androidx.compose.material.icons.rounded.PresentToAllKt
androidx.compose.material.icons.rounded.PreviewKt
androidx.compose.material.icons.rounded.PriceChangeKt
androidx.compose.material.icons.rounded.PriceCheckKt
androidx.compose.material.icons.rounded.PrintDisabledKt
androidx.compose.material.icons.rounded.PrintKt
androidx.compose.material.icons.rounded.PriorityHighKt
androidx.compose.material.icons.rounded.PrivacyTipKt
androidx.compose.material.icons.rounded.PrivateConnectivityKt
androidx.compose.material.icons.rounded.ProductionQuantityLimitsKt
androidx.compose.material.icons.rounded.PropaneKt
androidx.compose.material.icons.rounded.PropaneTankKt
androidx.compose.material.icons.rounded.PsychologyAltKt
androidx.compose.material.icons.rounded.PsychologyKt
androidx.compose.material.icons.rounded.PublicKt
androidx.compose.material.icons.rounded.PublicOffKt
androidx.compose.material.icons.rounded.PublishKt
androidx.compose.material.icons.rounded.PublishedWithChangesKt
androidx.compose.material.icons.rounded.PunchClockKt
androidx.compose.material.icons.rounded.PushPinKt
androidx.compose.material.icons.rounded.QrCode2Kt
androidx.compose.material.icons.rounded.QrCodeKt
androidx.compose.material.icons.rounded.QrCodeScannerKt
androidx.compose.material.icons.rounded.QueryBuilderKt
androidx.compose.material.icons.rounded.QueryStatsKt
androidx.compose.material.icons.rounded.QuestionAnswerKt
androidx.compose.material.icons.rounded.QuestionMarkKt
androidx.compose.material.icons.rounded.QueueKt
androidx.compose.material.icons.rounded.QueueMusicKt
androidx.compose.material.icons.rounded.QueuePlayNextKt
androidx.compose.material.icons.rounded.QuickreplyKt
androidx.compose.material.icons.rounded.QuizKt
androidx.compose.material.icons.rounded.RMobiledataKt
androidx.compose.material.icons.rounded.RadarKt
androidx.compose.material.icons.rounded.RadioButtonCheckedKt
androidx.compose.material.icons.rounded.RadioButtonUncheckedKt
androidx.compose.material.icons.rounded.RadioKt
androidx.compose.material.icons.rounded.RailwayAlertKt
androidx.compose.material.icons.rounded.RamenDiningKt
androidx.compose.material.icons.rounded.RampLeftKt
androidx.compose.material.icons.rounded.RampRightKt
androidx.compose.material.icons.rounded.RateReviewKt
androidx.compose.material.icons.rounded.RawOffKt
androidx.compose.material.icons.rounded.RawOnKt
androidx.compose.material.icons.rounded.ReadMoreKt
androidx.compose.material.icons.rounded.RealEstateAgentKt
androidx.compose.material.icons.rounded.ReceiptKt
androidx.compose.material.icons.rounded.ReceiptLongKt
androidx.compose.material.icons.rounded.RecentActorsKt
androidx.compose.material.icons.rounded.RecommendKt
androidx.compose.material.icons.rounded.RecordVoiceOverKt
androidx.compose.material.icons.rounded.RectangleKt
androidx.compose.material.icons.rounded.RecyclingKt
androidx.compose.material.icons.rounded.RedeemKt
androidx.compose.material.icons.rounded.RedoKt
androidx.compose.material.icons.rounded.ReduceCapacityKt
androidx.compose.material.icons.rounded.RefreshKt
androidx.compose.material.icons.rounded.RememberMeKt
androidx.compose.material.icons.rounded.RemoveCircleKt
androidx.compose.material.icons.rounded.RemoveCircleOutlineKt
androidx.compose.material.icons.rounded.RemoveDoneKt
androidx.compose.material.icons.rounded.RemoveFromQueueKt
androidx.compose.material.icons.rounded.RemoveKt
androidx.compose.material.icons.rounded.RemoveModeratorKt
androidx.compose.material.icons.rounded.RemoveRedEyeKt
androidx.compose.material.icons.rounded.RemoveRoadKt
androidx.compose.material.icons.rounded.RemoveShoppingCartKt